<?xml version="1.0" encoding="UTF-8"?>
<!-- Generated by org.testng.reporters.JUnitReportReporter -->
<testsuite hostname="Uyens-iMac.local" failures="0" tests="1" name="com.tiktokpixels.TC_01_VerifyCanAddANewPixel" time="1.159" errors="0" timestamp="23 Mar 2022 08:25:55 GMT" skipped="0">
  <testcase classname="com.tiktokpixels.TC_01_VerifyCanAddANewPixel" name="TC_VerifyCanAddANewPixel" time="1.159"/>
</testsuite> <!-- com.tiktokpixels.TC_01_VerifyCanAddANewPixel -->
